<?xml version="1.0" encoding="UTF-8"?>
<!-- Generated by org.testng.reporters.JUnitReportReporter -->
<testsuite skipped="16" hostname="DESKTOP-Q6ON4L4" name="registrationflows.FreeTrialFlow" tests="18" failures="0" timestamp="25 Feb 2019 10:46:59 GMT" time="45.313" errors="2">
  <testcase name="initApplication" time="25.438" classname="registrationflows.FreeTrialFlow">
    <error type="org.openqa.selenium.NoSuchWindowException" message="no such window: target window already closed
from unknown error: web view not found
  (Session info: chrome=72.0.3626.109)
  (Driver info: chromedriver=2.36.540470 (e522d04694c7ebea4ba8821272dbef4f9b818c91),platform=Windows NT 10.0.17763 x86_64) (WARNING: The server did not provide any stacktrace information)
Command duration or timeout: 20 milliseconds
Build info: version: &#039;3.4.0&#039;, revision: &#039;unknown&#039;, time: &#039;unknown&#039;
System info: host: &#039;DESKTOP-Q6ON4L4&#039;, ip: &#039;10.91.0.30&#039;, os.name: &#039;Windows 10&#039;, os.arch: &#039;amd64&#039;, os.version: &#039;10.0&#039;, java.version: &#039;1.8.0_201&#039;
Driver info: org.openqa.selenium.chrome.ChromeDriver
Capabilities [{applicationCacheEnabled=false, rotatable=false, mobileEmulationEnabled=false, networkConnectionEnabled=false, chrome={chromedriverVersion=2.36.540470 (e522d04694c7ebea4ba8821272dbef4f9b818c91), userDataDir=C:\Users\NARASI~1\AppData\Local\Temp\scoped_dir15648_15394}, takesHeapSnapshot=true, pageLoadStrategy=normal, databaseEnabled=false, handlesAlerts=true, hasTouchScreen=false, version=72.0.3626.109, platform=XP, browserConnectionEnabled=false, nativeEvents=true, acceptSslCerts=false, acceptInsecureCerts=false, locationContextEnabled=true, webStorageEnabled=true, browserName=chrome, takesScreenshot=true, javascriptEnabled=true, cssSelectorsEnabled=true, setWindowRect=true, unexpectedAlertBehaviour=}]
Session ID: 12fd92c24c810597813151bd4f798b61">
      <![CDATA[org.openqa.selenium.NoSuchWindowException: no such window: target window already closed
from unknown error: web view not found
  (Session info: chrome=72.0.3626.109)
  (Driver info: chromedriver=2.36.540470 (e522d04694c7ebea4ba8821272dbef4f9b818c91),platform=Windows NT 10.0.17763 x86_64) (WARNING: The server did not provide any stacktrace information)
Command duration or timeout: 20 milliseconds
Build info: version: '3.4.0', revision: 'unknown', time: 'unknown'
System info: host: 'DESKTOP-Q6ON4L4', ip: '10.91.0.30', os.name: 'Windows 10', os.arch: 'amd64', os.version: '10.0', java.version: '1.8.0_201'
Driver info: org.openqa.selenium.chrome.ChromeDriver
Capabilities [{applicationCacheEnabled=false, rotatable=false, mobileEmulationEnabled=false, networkConnectionEnabled=false, chrome={chromedriverVersion=2.36.540470 (e522d04694c7ebea4ba8821272dbef4f9b818c91), userDataDir=C:\Users\NARASI~1\AppData\Local\Temp\scoped_dir15648_15394}, takesHeapSnapshot=true, pageLoadStrategy=normal, databaseEnabled=false, handlesAlerts=true, hasTouchScreen=false, version=72.0.3626.109, platform=XP, browserConnectionEnabled=false, nativeEvents=true, acceptSslCerts=false, acceptInsecureCerts=false, locationContextEnabled=true, webStorageEnabled=true, browserName=chrome, takesScreenshot=true, javascriptEnabled=true, cssSelectorsEnabled=true, setWindowRect=true, unexpectedAlertBehaviour=}]
Session ID: 12fd92c24c810597813151bd4f798b61
	at sun.reflect.NativeConstructorAccessorImpl.newInstance0(Native Method)
	at sun.reflect.NativeConstructorAccessorImpl.newInstance(NativeConstructorAccessorImpl.java:62)
	at sun.reflect.DelegatingConstructorAccessorImpl.newInstance(DelegatingConstructorAccessorImpl.java:45)
	at java.lang.reflect.Constructor.newInstance(Constructor.java:423)
	at org.openqa.selenium.remote.ErrorHandler.createThrowable(ErrorHandler.java:215)
	at org.openqa.selenium.remote.ErrorHandler.throwIfResponseFailed(ErrorHandler.java:167)
	at org.openqa.selenium.remote.RemoteWebDriver.execute(RemoteWebDriver.java:671)
	at org.openqa.selenium.remote.RemoteWebDriver.execute(RemoteWebDriver.java:694)
	at org.openqa.selenium.remote.RemoteWebDriver$RemoteWebDriverOptions.deleteAllCookies(RemoteWebDriver.java:776)
	at common.SuperTestScript.initApplication(SuperTestScript.java:96)
	at sun.reflect.NativeMethodAccessorImpl.invoke0(Native Method)
	at sun.reflect.NativeMethodAccessorImpl.invoke(NativeMethodAccessorImpl.java:62)
	at sun.reflect.DelegatingMethodAccessorImpl.invoke(DelegatingMethodAccessorImpl.java:43)
	at java.lang.reflect.Method.invoke(Method.java:498)
	at org.testng.internal.MethodInvocationHelper.invokeMethod(MethodInvocationHelper.java:108)
	at org.testng.internal.Invoker.invokeConfigurationMethod(Invoker.java:523)
	at org.testng.internal.Invoker.invokeConfigurations(Invoker.java:224)
	at org.testng.internal.Invoker.invokeMethod(Invoker.java:599)
	at org.testng.internal.Invoker.invokeTestMethod(Invoker.java:869)
	at org.testng.internal.Invoker.invokeTestMethods(Invoker.java:1193)
	at org.testng.internal.TestMethodWorker.invokeTestMethods(TestMethodWorker.java:126)
	at org.testng.internal.TestMethodWorker.run(TestMethodWorker.java:109)
	at org.testng.TestRunner.privateRun(TestRunner.java:744)
	at org.testng.TestRunner.run(TestRunner.java:602)
	at org.testng.SuiteRunner.runTest(SuiteRunner.java:380)
	at org.testng.SuiteRunner.runSequentially(SuiteRunner.java:375)
	at org.testng.SuiteRunner.privateRun(SuiteRunner.java:340)
	at org.testng.SuiteRunner.run(SuiteRunner.java:289)
	at org.testng.SuiteRunnerWorker.runSuite(SuiteRunnerWorker.java:52)
	at org.testng.SuiteRunnerWorker.run(SuiteRunnerWorker.java:86)
	at org.testng.TestNG.runSuitesSequentially(TestNG.java:1301)
	at org.testng.TestNG.runSuitesLocally(TestNG.java:1226)
	at org.testng.TestNG.runSuites(TestNG.java:1144)
	at org.testng.TestNG.run(TestNG.java:1115)
	at org.testng.remote.AbstractRemoteTestNG.run(AbstractRemoteTestNG.java:114)
	at org.testng.remote.RemoteTestNG.initAndRun(RemoteTestNG.java:251)
	at org.testng.remote.RemoteTestNG.main(RemoteTestNG.java:77)
]]>
    </error>
  </testcase> <!-- initApplication -->
  <testcase name="FreeTrialflow_NewRegistration_SilverSubscription" time="19.875" classname="registrationflows.FreeTrialFlow">
    <error type="org.openqa.selenium.TimeoutException" message="Expected condition failed: waiting for visibility of all elements located by By.tagName: iframe (tried for 10 second(s) with 500 MILLISECONDS interval)
Build info: version: &#039;3.4.0&#039;, revision: &#039;unknown&#039;, time: &#039;unknown&#039;
System info: host: &#039;DESKTOP-Q6ON4L4&#039;, ip: &#039;10.91.0.30&#039;, os.name: &#039;Windows 10&#039;, os.arch: &#039;amd64&#039;, os.version: &#039;10.0&#039;, java.version: &#039;1.8.0_201&#039;
Driver info: org.openqa.selenium.chrome.ChromeDriver
Capabilities [{applicationCacheEnabled=false, rotatable=false, mobileEmulationEnabled=false, networkConnectionEnabled=false, chrome={chromedriverVersion=2.36.540470 (e522d04694c7ebea4ba8821272dbef4f9b818c91), userDataDir=C:\Users\NARASI~1\AppData\Local\Temp\scoped_dir22228_32034}, takesHeapSnapshot=true, pageLoadStrategy=normal, databaseEnabled=false, handlesAlerts=true, hasTouchScreen=false, version=72.0.3626.109, platform=XP, browserConnectionEnabled=false, nativeEvents=true, acceptSslCerts=false, acceptInsecureCerts=false, locationContextEnabled=true, webStorageEnabled=true, browserName=chrome, takesScreenshot=true, javascriptEnabled=true, cssSelectorsEnabled=true, setWindowRect=true, unexpectedAlertBehaviour=}]
Session ID: 5388040fa3c14bfd0bfdbfbb42b2818b">
      <![CDATA[org.openqa.selenium.TimeoutException: Expected condition failed: waiting for visibility of all elements located by By.tagName: iframe (tried for 10 second(s) with 500 MILLISECONDS interval)
Build info: version: '3.4.0', revision: 'unknown', time: 'unknown'
System info: host: 'DESKTOP-Q6ON4L4', ip: '10.91.0.30', os.name: 'Windows 10', os.arch: 'amd64', os.version: '10.0', java.version: '1.8.0_201'
Driver info: org.openqa.selenium.chrome.ChromeDriver
Capabilities [{applicationCacheEnabled=false, rotatable=false, mobileEmulationEnabled=false, networkConnectionEnabled=false, chrome={chromedriverVersion=2.36.540470 (e522d04694c7ebea4ba8821272dbef4f9b818c91), userDataDir=C:\Users\NARASI~1\AppData\Local\Temp\scoped_dir22228_32034}, takesHeapSnapshot=true, pageLoadStrategy=normal, databaseEnabled=false, handlesAlerts=true, hasTouchScreen=false, version=72.0.3626.109, platform=XP, browserConnectionEnabled=false, nativeEvents=true, acceptSslCerts=false, acceptInsecureCerts=false, locationContextEnabled=true, webStorageEnabled=true, browserName=chrome, takesScreenshot=true, javascriptEnabled=true, cssSelectorsEnabled=true, setWindowRect=true, unexpectedAlertBehaviour=}]
Session ID: 5388040fa3c14bfd0bfdbfbb42b2818b
	at org.openqa.selenium.support.ui.WebDriverWait.timeoutException(WebDriverWait.java:80)
	at org.openqa.selenium.support.ui.FluentWait.until(FluentWait.java:232)
	at registrationflows.FreeTrialFlow.FreeTrialflow_NewRegistration_SilverSubscription(FreeTrialFlow.java:123)
	at sun.reflect.NativeMethodAccessorImpl.invoke0(Native Method)
	at sun.reflect.NativeMethodAccessorImpl.invoke(NativeMethodAccessorImpl.java:62)
	at sun.reflect.DelegatingMethodAccessorImpl.invoke(DelegatingMethodAccessorImpl.java:43)
	at java.lang.reflect.Method.invoke(Method.java:498)
	at org.testng.internal.MethodInvocationHelper.invokeMethod(MethodInvocationHelper.java:108)
	at org.testng.internal.Invoker.invokeMethod(Invoker.java:661)
	at org.testng.internal.Invoker.invokeTestMethod(Invoker.java:869)
	at org.testng.internal.Invoker.invokeTestMethods(Invoker.java:1193)
	at org.testng.internal.TestMethodWorker.invokeTestMethods(TestMethodWorker.java:126)
	at org.testng.internal.TestMethodWorker.run(TestMethodWorker.java:109)
	at org.testng.TestRunner.privateRun(TestRunner.java:744)
	at org.testng.TestRunner.run(TestRunner.java:602)
	at org.testng.SuiteRunner.runTest(SuiteRunner.java:380)
	at org.testng.SuiteRunner.runSequentially(SuiteRunner.java:375)
	at org.testng.SuiteRunner.privateRun(SuiteRunner.java:340)
	at org.testng.SuiteRunner.run(SuiteRunner.java:289)
	at org.testng.SuiteRunnerWorker.runSuite(SuiteRunnerWorker.java:52)
	at org.testng.SuiteRunnerWorker.run(SuiteRunnerWorker.java:86)
	at org.testng.TestNG.runSuitesSequentially(TestNG.java:1301)
	at org.testng.TestNG.runSuitesLocally(TestNG.java:1226)
	at org.testng.TestNG.runSuites(TestNG.java:1144)
	at org.testng.TestNG.run(TestNG.java:1115)
	at org.testng.remote.AbstractRemoteTestNG.run(AbstractRemoteTestNG.java:114)
	at org.testng.remote.RemoteTestNG.initAndRun(RemoteTestNG.java:251)
	at org.testng.remote.RemoteTestNG.main(RemoteTestNG.java:77)
]]>
    </error>
  </testcase> <!-- FreeTrialflow_NewRegistration_SilverSubscription -->
  <testcase name="FreeTrialFlow_NewRegistration_GoldSubscription" time="0.000" classname="registrationflows.FreeTrialFlow">
    <skipped/>
  </testcase> <!-- FreeTrialFlow_NewRegistration_GoldSubscription -->
  <testcase name="FreeTrialFlow_NewRegistration_Family2Subscription" time="0.000" classname="registrationflows.FreeTrialFlow">
    <skipped/>
  </testcase> <!-- FreeTrialFlow_NewRegistration_Family2Subscription -->
  <testcase name="FreeTrialFlow_NewRegistration_Family3Subscription" time="0.000" classname="registrationflows.FreeTrialFlow">
    <skipped/>
  </testcase> <!-- FreeTrialFlow_NewRegistration_Family3Subscription -->
  <testcase name="FreeTrialFlow_NewRegistration_Family4Subscription" time="0.000" classname="registrationflows.FreeTrialFlow">
    <skipped/>
  </testcase> <!-- FreeTrialFlow_NewRegistration_Family4Subscription -->
  <testcase name="FreeTrialFlow_RegistrationPage_EmptyEmailPassword" time="0.000" classname="registrationflows.FreeTrialFlow">
    <skipped/>
  </testcase> <!-- FreeTrialFlow_RegistrationPage_EmptyEmailPassword -->
  <testcase name="FreeTrialFlow_Registration_WrongEmail" time="0.000" classname="registrationflows.FreeTrialFlow">
    <skipped/>
  </testcase> <!-- FreeTrialFlow_Registration_WrongEmail -->
  <testcase name="FreeTrialFlow_Registration_InvalidPassword" time="0.000" classname="registrationflows.FreeTrialFlow">
    <skipped/>
  </testcase> <!-- FreeTrialFlow_Registration_InvalidPassword -->
  <testcase name="FreeTrial_Payment_Adyen_EmptyCardDetails" time="0.000" classname="registrationflows.FreeTrialFlow">
    <skipped/>
  </testcase> <!-- FreeTrial_Payment_Adyen_EmptyCardDetails -->
  <testcase name="FreeTrialFlow_PaymentPage_InvalidCardNum" time="0.000" classname="registrationflows.FreeTrialFlow">
    <skipped/>
  </testcase> <!-- FreeTrialFlow_PaymentPage_InvalidCardNum -->
  <testcase name="FreeTrialFlow_PaymentPage_InvalidCvv" time="0.000" classname="registrationflows.FreeTrialFlow">
    <skipped/>
  </testcase> <!-- FreeTrialFlow_PaymentPage_InvalidCvv -->
  <testcase name="FreeTrialFlow_PaymentPage_InvalidcardDetais" time="0.000" classname="registrationflows.FreeTrialFlow">
    <skipped/>
  </testcase> <!-- FreeTrialFlow_PaymentPage_InvalidcardDetais -->
  <testcase name="FreeTrialFlow_PaymentPage_TrustlyAccountNumber" time="0.000" classname="registrationflows.FreeTrialFlow">
    <skipped/>
  </testcase> <!-- FreeTrialFlow_PaymentPage_TrustlyAccountNumber -->
  <testcase name="FreeTrialFlow_Payment_EmptyOtp" time="0.000" classname="registrationflows.FreeTrialFlow">
    <skipped/>
  </testcase> <!-- FreeTrialFlow_Payment_EmptyOtp -->
  <testcase name="FreeTrialFlow_Payment_InvalidOtp" time="0.000" classname="registrationflows.FreeTrialFlow">
    <skipped/>
  </testcase> <!-- FreeTrialFlow_Payment_InvalidOtp -->
  <testcase name="FreeTrial_VisitorToFreeTrial" time="0.000" classname="registrationflows.FreeTrialFlow">
    <skipped/>
  </testcase> <!-- FreeTrial_VisitorToFreeTrial -->
  <testcase name="FreeTrial_TrustlyCancellation" classname="registrationflows.FreeTrialFlow">
    <skipped/>
  </testcase> <!-- FreeTrial_TrustlyCancellation -->
</testsuite> <!-- registrationflows.FreeTrialFlow -->
