<?xml version="1.0" encoding="UTF-8"?>
<!-- Generated by org.testng.reporters.JUnitReportReporter -->
<testsuite skipped="20" hostname="DESKTOP-Q6ON4L4" name="registrationflows.FreeTrialFlow_AllCountries" tests="21" failures="0" timestamp="26 Mar 2019 10:05:56 GMT" time="64.072" errors="1">
  <testcase name="initApplication" time="64.072" classname="registrationflows.FreeTrialFlow_AllCountries">
    <error type="org.openqa.selenium.WebDriverException" message="java.net.ConnectException: Failed to connect to localhost/0:0:0:0:0:0:0:1:10444
Build info: version: &#039;3.141.0&#039;, revision: &#039;2ecb7d9a&#039;, time: &#039;2018-10-31T20:09:30&#039;
System info: host: &#039;DESKTOP-Q6ON4L4&#039;, ip: &#039;10.91.0.89&#039;, os.name: &#039;Windows 10&#039;, os.arch: &#039;amd64&#039;, os.version: &#039;10.0&#039;, java.version: &#039;1.8.0_201&#039;
Driver info: driver.version: RemoteWebDriver">
      <![CDATA[org.openqa.selenium.WebDriverException: java.net.ConnectException: Failed to connect to localhost/0:0:0:0:0:0:0:1:10444
Build info: version: '3.141.0', revision: '2ecb7d9a', time: '2018-10-31T20:09:30'
System info: host: 'DESKTOP-Q6ON4L4', ip: '10.91.0.89', os.name: 'Windows 10', os.arch: 'amd64', os.version: '10.0', java.version: '1.8.0_201'
Driver info: driver.version: RemoteWebDriver
	at org.openqa.selenium.remote.service.DriverCommandExecutor.execute(DriverCommandExecutor.java:92)
	at org.openqa.selenium.remote.RemoteWebDriver.execute(RemoteWebDriver.java:552)
	at org.openqa.selenium.remote.RemoteWebDriver.execute(RemoteWebDriver.java:609)
	at org.openqa.selenium.remote.RemoteWebDriver$RemoteWebDriverOptions$RemoteWindow.maximize(RemoteWebDriver.java:837)
	at common.SuperTestScript.initApplication(SuperTestScript.java:96)
	at sun.reflect.NativeMethodAccessorImpl.invoke0(Native Method)
	at sun.reflect.NativeMethodAccessorImpl.invoke(NativeMethodAccessorImpl.java:62)
	at sun.reflect.DelegatingMethodAccessorImpl.invoke(DelegatingMethodAccessorImpl.java:43)
	at java.lang.reflect.Method.invoke(Method.java:498)
	at org.testng.internal.MethodInvocationHelper.invokeMethod(MethodInvocationHelper.java:108)
	at org.testng.internal.Invoker.invokeConfigurationMethod(Invoker.java:523)
	at org.testng.internal.Invoker.invokeConfigurations(Invoker.java:224)
	at org.testng.internal.Invoker.invokeMethod(Invoker.java:599)
	at org.testng.internal.Invoker.invokeTestMethod(Invoker.java:869)
	at org.testng.internal.Invoker.invokeTestMethods(Invoker.java:1193)
	at org.testng.internal.TestMethodWorker.invokeTestMethods(TestMethodWorker.java:126)
	at org.testng.internal.TestMethodWorker.run(TestMethodWorker.java:109)
	at org.testng.TestRunner.privateRun(TestRunner.java:744)
	at org.testng.TestRunner.run(TestRunner.java:602)
	at org.testng.SuiteRunner.runTest(SuiteRunner.java:380)
	at org.testng.SuiteRunner.runSequentially(SuiteRunner.java:375)
	at org.testng.SuiteRunner.privateRun(SuiteRunner.java:340)
	at org.testng.SuiteRunner.run(SuiteRunner.java:289)
	at org.testng.SuiteRunnerWorker.runSuite(SuiteRunnerWorker.java:52)
	at org.testng.SuiteRunnerWorker.run(SuiteRunnerWorker.java:86)
	at org.testng.TestNG.runSuitesSequentially(TestNG.java:1301)
	at org.testng.TestNG.runSuitesLocally(TestNG.java:1226)
	at org.testng.TestNG.runSuites(TestNG.java:1144)
	at org.testng.TestNG.run(TestNG.java:1115)
	at org.apache.maven.surefire.testng.TestNGExecutor.run(TestNGExecutor.java:177)
	at org.apache.maven.surefire.testng.TestNGXmlTestSuite.execute(TestNGXmlTestSuite.java:92)
	at org.apache.maven.surefire.testng.TestNGProvider.invoke(TestNGProvider.java:105)
	at sun.reflect.NativeMethodAccessorImpl.invoke0(Native Method)
	at sun.reflect.NativeMethodAccessorImpl.invoke(NativeMethodAccessorImpl.java:62)
	at sun.reflect.DelegatingMethodAccessorImpl.invoke(DelegatingMethodAccessorImpl.java:43)
	at java.lang.reflect.Method.invoke(Method.java:498)
	at org.apache.maven.surefire.util.ReflectionUtils.invokeMethodWithArray(ReflectionUtils.java:189)
	at org.apache.maven.surefire.booter.ProviderFactory$ProviderProxy.invoke(ProviderFactory.java:165)
	at org.apache.maven.surefire.booter.ProviderFactory.invokeProvider(ProviderFactory.java:85)
	at org.apache.maven.surefire.booter.ForkedBooter.runSuitesInProcess(ForkedBooter.java:103)
	at org.apache.maven.surefire.booter.ForkedBooter.main(ForkedBooter.java:74)
Caused by: java.net.ConnectException: Failed to connect to localhost/0:0:0:0:0:0:0:1:10444
	at okhttp3.internal.connection.RealConnection.connectSocket(RealConnection.java:247)
	at okhttp3.internal.connection.RealConnection.connect(RealConnection.java:165)
	at okhttp3.internal.connection.StreamAllocation.findConnection(StreamAllocation.java:257)
	at okhttp3.internal.connection.StreamAllocation.findHealthyConnection(StreamAllocation.java:135)
	at okhttp3.internal.connection.StreamAllocation.newStream(StreamAllocation.java:114)
	at okhttp3.internal.connection.ConnectInterceptor.intercept(ConnectInterceptor.java:42)
	at okhttp3.internal.http.RealInterceptorChain.proceed(RealInterceptorChain.java:147)
	at okhttp3.internal.http.RealInterceptorChain.proceed(RealInterceptorChain.java:121)
	at okhttp3.internal.cache.CacheInterceptor.intercept(CacheInterceptor.java:93)
	at okhttp3.internal.http.RealInterceptorChain.proceed(RealInterceptorChain.java:147)
	at okhttp3.internal.http.RealInterceptorChain.proceed(RealInterceptorChain.java:121)
	at okhttp3.internal.http.BridgeInterceptor.intercept(BridgeInterceptor.java:93)
	at okhttp3.internal.http.RealInterceptorChain.proceed(RealInterceptorChain.java:147)
	at okhttp3.internal.http.RetryAndFollowUpInterceptor.intercept(RetryAndFollowUpInterceptor.java:126)
	at okhttp3.internal.http.RealInterceptorChain.proceed(RealInterceptorChain.java:147)
	at okhttp3.internal.http.RealInterceptorChain.proceed(RealInterceptorChain.java:121)
	at okhttp3.RealCall.getResponseWithInterceptorChain(RealCall.java:200)
	at okhttp3.RealCall.execute(RealCall.java:77)
	at org.openqa.selenium.remote.internal.OkHttpClient.execute(OkHttpClient.java:103)
	at org.openqa.selenium.remote.HttpCommandExecutor.execute(HttpCommandExecutor.java:155)
	at org.openqa.selenium.remote.service.DriverCommandExecutor.execute(DriverCommandExecutor.java:83)
	... 40 more
Caused by: java.net.ConnectException: Connection refused: connect
	at java.net.DualStackPlainSocketImpl.waitForConnect(Native Method)
	at java.net.DualStackPlainSocketImpl.socketConnect(DualStackPlainSocketImpl.java:85)
	at java.net.AbstractPlainSocketImpl.doConnect(AbstractPlainSocketImpl.java:350)
	at java.net.AbstractPlainSocketImpl.connectToAddress(AbstractPlainSocketImpl.java:206)
	at java.net.AbstractPlainSocketImpl.connect(AbstractPlainSocketImpl.java:188)
	at java.net.PlainSocketImpl.connect(PlainSocketImpl.java:172)
	at java.net.SocksSocketImpl.connect(SocksSocketImpl.java:392)
	at java.net.Socket.connect(Socket.java:589)
	at okhttp3.internal.platform.Platform.connectSocket(Platform.java:129)
	at okhttp3.internal.connection.RealConnection.connectSocket(RealConnection.java:245)
	... 60 more
]]>
    </error>
  </testcase> <!-- initApplication -->
  <testcase name="FreeTrialFlow_SE" time="0.000" classname="registrationflows.FreeTrialFlow_AllCountries">
    <skipped/>
  </testcase> <!-- FreeTrialFlow_SE -->
  <testcase name="FreeTrialFlow_SE" time="0.000" classname="registrationflows.FreeTrialFlow_AllCountries">
    <skipped/>
  </testcase> <!-- FreeTrialFlow_SE -->
  <testcase name="FreeTrialFlow_SE" time="0.000" classname="registrationflows.FreeTrialFlow_AllCountries">
    <skipped/>
  </testcase> <!-- FreeTrialFlow_SE -->
  <testcase name="FreeTrialFlow_SE" time="0.000" classname="registrationflows.FreeTrialFlow_AllCountries">
    <skipped/>
  </testcase> <!-- FreeTrialFlow_SE -->
  <testcase name="FreeTrialFlow_SE" time="0.000" classname="registrationflows.FreeTrialFlow_AllCountries">
    <skipped/>
  </testcase> <!-- FreeTrialFlow_SE -->
  <testcase name="FreeTrialFlow_SE" time="0.000" classname="registrationflows.FreeTrialFlow_AllCountries">
    <skipped/>
  </testcase> <!-- FreeTrialFlow_SE -->
  <testcase name="FreeTrialFlow_SE" time="0.000" classname="registrationflows.FreeTrialFlow_AllCountries">
    <skipped/>
  </testcase> <!-- FreeTrialFlow_SE -->
  <testcase name="FreeTrialFlow_SE" time="0.000" classname="registrationflows.FreeTrialFlow_AllCountries">
    <skipped/>
  </testcase> <!-- FreeTrialFlow_SE -->
  <testcase name="FreeTrialFlow_SE" time="0.000" classname="registrationflows.FreeTrialFlow_AllCountries">
    <skipped/>
  </testcase> <!-- FreeTrialFlow_SE -->
  <testcase name="FreeTrialFlow_SE" time="0.000" classname="registrationflows.FreeTrialFlow_AllCountries">
    <skipped/>
  </testcase> <!-- FreeTrialFlow_SE -->
  <testcase name="FreeTrailFlowSE_RegistrationPage_EmptyEmailPassword" time="0.000" classname="registrationflows.FreeTrialFlow_AllCountries">
    <skipped/>
  </testcase> <!-- FreeTrailFlowSE_RegistrationPage_EmptyEmailPassword -->
  <testcase name="FreeTrialFlowSE_RegistrationPage_UncheckBox" time="0.000" classname="registrationflows.FreeTrialFlow_AllCountries">
    <skipped/>
  </testcase> <!-- FreeTrialFlowSE_RegistrationPage_UncheckBox -->
  <testcase name="FreeTrailFlowSE_wrongEmail" time="0.000" classname="registrationflows.FreeTrialFlow_AllCountries">
    <skipped/>
  </testcase> <!-- FreeTrailFlowSE_wrongEmail -->
  <testcase name="FreeTrailFlow_Registration_InvalidPassword" time="0.000" classname="registrationflows.FreeTrialFlow_AllCountries">
    <skipped/>
  </testcase> <!-- FreeTrailFlow_Registration_InvalidPassword -->
  <testcase name="FreeTrailFlowSE_invalidCardNumber" time="0.000" classname="registrationflows.FreeTrialFlow_AllCountries">
    <skipped/>
  </testcase> <!-- FreeTrailFlowSE_invalidCardNumber -->
  <testcase name="FreeTrialFlow_InvalidCardExpiry" time="0.000" classname="registrationflows.FreeTrialFlow_AllCountries">
    <skipped/>
  </testcase> <!-- FreeTrialFlow_InvalidCardExpiry -->
  <testcase name="FreeTrialFlow_InvalidCvv" time="0.000" classname="registrationflows.FreeTrialFlow_AllCountries">
    <skipped/>
  </testcase> <!-- FreeTrialFlow_InvalidCvv -->
  <testcase name="FreeTrailFlow_InvalidAccountNumber" time="0.000" classname="registrationflows.FreeTrialFlow_AllCountries">
    <skipped/>
  </testcase> <!-- FreeTrailFlow_InvalidAccountNumber -->
  <testcase name="FreeTrailFlow_Payment_emptyOtp" time="0.000" classname="registrationflows.FreeTrialFlow_AllCountries">
    <skipped/>
  </testcase> <!-- FreeTrailFlow_Payment_emptyOtp -->
  <testcase name="FreeTrailFlow_Payment_invalidOtp" time="0.000" classname="registrationflows.FreeTrialFlow_AllCountries">
    <skipped/>
  </testcase> <!-- FreeTrailFlow_Payment_invalidOtp -->
</testsuite> <!-- registrationflows.FreeTrialFlow_AllCountries -->
